<?xml version="1.0" encoding="UTF-8"?>
<!-- Generated by org.testng.reporters.JUnitXMLReporter -->
<testsuite ignored="0" hostname="DESTOP-MEMORIES" failures="0" tests="1" name="PS15722_NguyenChiHieu_ASM" time="1.571" errors="0" timestamp="11 thg 4 2022 13:51:08 GMT">
  <testcase classname="Test.LoginTest" name="@AfterClass afterClass" time="0.006">
    <failure type="java.lang.NullPointerException" message="Cannot invoke &amp;quot;Model.LoginData.writeLog(String, String, java.util.Set)&amp;quot; because &amp;quot;this.data&amp;quot; is null">
      <![CDATA[java.lang.NullPointerException: Cannot invoke "Model.LoginData.writeLog(String, String, java.util.Set)" because "this.data" is null
at Test.LoginTest.afterClass(LoginTest.java:95)
at com.intellij.rt.testng.IDEARemoteTestNG.run(IDEARemoteTestNG.java:66)
at com.intellij.rt.testng.RemoteTestNGStarter.main(RemoteTestNGStarter.java:109)
... Removed 23 stack frames]]>
    </failure>
  </testcase> <!-- @AfterClass afterClass -->
  <testcase classname="Test.LoginTest" name="multipleLoginTest" time="0.0">
    <skipped/>
  </testcase> <!-- multipleLoginTest -->
</testsuite> <!-- PS15722_NguyenChiHieu_ASM -->
